[2025-10-20T07:58:45.323+0000] {manager.py:470} INFO - Processing files using up to 2 processes at a time 
[2025-10-20T07:58:45.327+0000] {manager.py:471} INFO - Process each file at most once every 30 seconds
[2025-10-20T07:58:45.328+0000] {manager.py:472} INFO - Checking for new files in /opt/airflow/dags every 300 seconds
[2025-10-20T07:58:45.329+0000] {manager.py:737} INFO - Searching for files in /opt/airflow/dags
[2025-10-20T07:58:45.350+0000] {manager.py:740} INFO - There are 0 files in /opt/airflow/dags
[2025-10-20T07:59:03.176+0000] {manager.py:452} INFO - Exiting gracefully upon receiving signal 15
[2025-10-20T08:27:34.966+0000] {manager.py:470} INFO - Processing files using up to 2 processes at a time 
[2025-10-20T08:27:34.967+0000] {manager.py:471} INFO - Process each file at most once every 30 seconds
[2025-10-20T08:27:34.967+0000] {manager.py:472} INFO - Checking for new files in /opt/airflow/dags every 300 seconds
[2025-10-20T08:27:34.968+0000] {manager.py:737} INFO - Searching for files in /opt/airflow/dags
[2025-10-20T08:27:34.974+0000] {manager.py:740} INFO - There are 0 files in /opt/airflow/dags
[2025-10-20T08:32:22.074+0000] {manager.py:452} INFO - Exiting gracefully upon receiving signal 15
[2025-10-20T08:32:55.156+0000] {manager.py:470} INFO - Processing files using up to 2 processes at a time 
[2025-10-20T08:32:55.157+0000] {manager.py:471} INFO - Process each file at most once every 30 seconds
[2025-10-20T08:32:55.157+0000] {manager.py:472} INFO - Checking for new files in /opt/airflow/dags every 300 seconds
[2025-10-20T08:32:55.158+0000] {manager.py:737} INFO - Searching for files in /opt/airflow/dags
[2025-10-20T08:32:55.161+0000] {manager.py:740} INFO - There are 0 files in /opt/airflow/dags
[2025-10-20T08:37:55.560+0000] {manager.py:737} INFO - Searching for files in /opt/airflow/dags
[2025-10-20T08:37:55.564+0000] {manager.py:740} INFO - There are 0 files in /opt/airflow/dags
[2025-10-20T08:42:55.881+0000] {manager.py:737} INFO - Searching for files in /opt/airflow/dags
[2025-10-20T08:42:55.885+0000] {manager.py:740} INFO - There are 0 files in /opt/airflow/dags
[2025-10-20T08:47:56.135+0000] {manager.py:737} INFO - Searching for files in /opt/airflow/dags
[2025-10-20T08:47:56.138+0000] {manager.py:740} INFO - There are 0 files in /opt/airflow/dags
[2025-10-20T09:07:09.998+0000] {manager.py:737} INFO - Searching for files in /opt/airflow/dags
[2025-10-20T09:07:10.001+0000] {manager.py:740} INFO - There are 0 files in /opt/airflow/dags
[2025-10-20T09:27:58.686+0000] {manager.py:737} INFO - Searching for files in /opt/airflow/dags
[2025-10-20T09:27:58.771+0000] {manager.py:740} INFO - There are 0 files in /opt/airflow/dags
[2025-10-20T09:32:59.094+0000] {manager.py:737} INFO - Searching for files in /opt/airflow/dags
[2025-10-20T09:32:59.100+0000] {manager.py:740} INFO - There are 0 files in /opt/airflow/dags
[2025-10-20T09:37:59.432+0000] {manager.py:737} INFO - Searching for files in /opt/airflow/dags
[2025-10-20T09:37:59.436+0000] {manager.py:740} INFO - There are 0 files in /opt/airflow/dags
[2025-10-20T09:42:59.736+0000] {manager.py:737} INFO - Searching for files in /opt/airflow/dags
[2025-10-20T09:42:59.740+0000] {manager.py:740} INFO - There are 0 files in /opt/airflow/dags
[2025-10-20T09:46:38.562+0000] {manager.py:452} INFO - Exiting gracefully upon receiving signal 15
