[2025-11-24T09:53:59.289+0000] {processor.py:161} INFO - Started process (PID=170) to work on /opt/airflow/dags/pipeline.py
[2025-11-24T09:53:59.291+0000] {processor.py:830} INFO - Processing file /opt/airflow/dags/pipeline.py for tasks to queue
[2025-11-24T09:53:59.294+0000] {logging_mixin.py:188} INFO - [2025-11-24T09:53:59.294+0000] {dagbag.py:545} INFO - Filling up the DagBag from /opt/airflow/dags/pipeline.py
[2025-11-24T09:53:59.340+0000] {processor.py:840} INFO - DAG(s) 'incremental_hoadon_chitiethanghoa_pipeline' retrieved from /opt/airflow/dags/pipeline.py
[2025-11-24T09:53:59.597+0000] {logging_mixin.py:188} INFO - [2025-11-24T09:53:59.597+0000] {dag.py:3096} INFO - Sync 1 DAGs
[2025-11-24T09:53:59.650+0000] {logging_mixin.py:188} INFO - [2025-11-24T09:53:59.649+0000] {dag.py:3954} INFO - Setting next_dagrun for incremental_hoadon_chitiethanghoa_pipeline to 2025-11-25 00:00:00+00:00, run_after=2025-11-26 00:00:00+00:00
[2025-11-24T09:53:59.690+0000] {processor.py:183} INFO - Processing /opt/airflow/dags/pipeline.py took 0.411 seconds
[2025-11-24T09:54:29.914+0000] {processor.py:161} INFO - Started process (PID=175) to work on /opt/airflow/dags/pipeline.py
[2025-11-24T09:54:29.915+0000] {processor.py:830} INFO - Processing file /opt/airflow/dags/pipeline.py for tasks to queue
[2025-11-24T09:54:29.918+0000] {logging_mixin.py:188} INFO - [2025-11-24T09:54:29.918+0000] {dagbag.py:545} INFO - Filling up the DagBag from /opt/airflow/dags/pipeline.py
[2025-11-24T09:54:29.951+0000] {processor.py:840} INFO - DAG(s) 'incremental_hoadon_chitiethanghoa_pipeline' retrieved from /opt/airflow/dags/pipeline.py
[2025-11-24T09:54:30.122+0000] {logging_mixin.py:188} INFO - [2025-11-24T09:54:30.121+0000] {dag.py:3096} INFO - Sync 1 DAGs
[2025-11-24T09:54:30.165+0000] {logging_mixin.py:188} INFO - [2025-11-24T09:54:30.165+0000] {dag.py:3954} INFO - Setting next_dagrun for incremental_hoadon_chitiethanghoa_pipeline to 2025-11-25 00:00:00+00:00, run_after=2025-11-26 00:00:00+00:00
[2025-11-24T09:54:30.211+0000] {processor.py:183} INFO - Processing /opt/airflow/dags/pipeline.py took 0.306 seconds
[2025-11-24T09:55:00.426+0000] {processor.py:161} INFO - Started process (PID=180) to work on /opt/airflow/dags/pipeline.py
[2025-11-24T09:55:00.428+0000] {processor.py:830} INFO - Processing file /opt/airflow/dags/pipeline.py for tasks to queue
[2025-11-24T09:55:00.432+0000] {logging_mixin.py:188} INFO - [2025-11-24T09:55:00.431+0000] {dagbag.py:545} INFO - Filling up the DagBag from /opt/airflow/dags/pipeline.py
[2025-11-24T09:55:00.466+0000] {processor.py:840} INFO - DAG(s) 'incremental_hoadon_chitiethanghoa_pipeline' retrieved from /opt/airflow/dags/pipeline.py
[2025-11-24T09:55:00.656+0000] {logging_mixin.py:188} INFO - [2025-11-24T09:55:00.656+0000] {dag.py:3096} INFO - Sync 1 DAGs
[2025-11-24T09:55:00.694+0000] {logging_mixin.py:188} INFO - [2025-11-24T09:55:00.693+0000] {dag.py:3954} INFO - Setting next_dagrun for incremental_hoadon_chitiethanghoa_pipeline to 2025-11-25 00:00:00+00:00, run_after=2025-11-26 00:00:00+00:00
[2025-11-24T09:55:00.730+0000] {processor.py:183} INFO - Processing /opt/airflow/dags/pipeline.py took 0.315 seconds
[2025-11-24T09:55:30.908+0000] {processor.py:161} INFO - Started process (PID=185) to work on /opt/airflow/dags/pipeline.py
[2025-11-24T09:55:30.909+0000] {processor.py:830} INFO - Processing file /opt/airflow/dags/pipeline.py for tasks to queue
[2025-11-24T09:55:30.911+0000] {logging_mixin.py:188} INFO - [2025-11-24T09:55:30.911+0000] {dagbag.py:545} INFO - Filling up the DagBag from /opt/airflow/dags/pipeline.py
[2025-11-24T09:55:30.935+0000] {processor.py:840} INFO - DAG(s) 'incremental_hoadon_chitiethanghoa_pipeline' retrieved from /opt/airflow/dags/pipeline.py
[2025-11-24T09:55:31.058+0000] {logging_mixin.py:188} INFO - [2025-11-24T09:55:31.057+0000] {dag.py:3096} INFO - Sync 1 DAGs
[2025-11-24T09:55:31.083+0000] {logging_mixin.py:188} INFO - [2025-11-24T09:55:31.082+0000] {dag.py:3954} INFO - Setting next_dagrun for incremental_hoadon_chitiethanghoa_pipeline to 2025-11-25 00:00:00+00:00, run_after=2025-11-26 00:00:00+00:00
[2025-11-24T09:55:31.108+0000] {processor.py:183} INFO - Processing /opt/airflow/dags/pipeline.py took 0.209 seconds
[2025-11-24T09:56:01.318+0000] {processor.py:161} INFO - Started process (PID=190) to work on /opt/airflow/dags/pipeline.py
[2025-11-24T09:56:01.320+0000] {processor.py:830} INFO - Processing file /opt/airflow/dags/pipeline.py for tasks to queue
[2025-11-24T09:56:01.322+0000] {logging_mixin.py:188} INFO - [2025-11-24T09:56:01.322+0000] {dagbag.py:545} INFO - Filling up the DagBag from /opt/airflow/dags/pipeline.py
[2025-11-24T09:56:01.350+0000] {processor.py:840} INFO - DAG(s) 'incremental_hoadon_chitiethanghoa_pipeline' retrieved from /opt/airflow/dags/pipeline.py
[2025-11-24T09:56:01.512+0000] {logging_mixin.py:188} INFO - [2025-11-24T09:56:01.512+0000] {dag.py:3096} INFO - Sync 1 DAGs
[2025-11-24T09:56:01.541+0000] {logging_mixin.py:188} INFO - [2025-11-24T09:56:01.540+0000] {dag.py:3954} INFO - Setting next_dagrun for incremental_hoadon_chitiethanghoa_pipeline to 2025-11-25 00:00:00+00:00, run_after=2025-11-26 00:00:00+00:00
[2025-11-24T09:56:01.568+0000] {processor.py:183} INFO - Processing /opt/airflow/dags/pipeline.py took 0.259 seconds
[2025-11-24T09:56:31.748+0000] {processor.py:161} INFO - Started process (PID=195) to work on /opt/airflow/dags/pipeline.py
[2025-11-24T09:56:31.749+0000] {processor.py:830} INFO - Processing file /opt/airflow/dags/pipeline.py for tasks to queue
[2025-11-24T09:56:31.750+0000] {logging_mixin.py:188} INFO - [2025-11-24T09:56:31.750+0000] {dagbag.py:545} INFO - Filling up the DagBag from /opt/airflow/dags/pipeline.py
[2025-11-24T09:56:31.769+0000] {processor.py:840} INFO - DAG(s) 'incremental_hoadon_chitiethanghoa_pipeline' retrieved from /opt/airflow/dags/pipeline.py
[2025-11-24T09:56:31.881+0000] {logging_mixin.py:188} INFO - [2025-11-24T09:56:31.880+0000] {dag.py:3096} INFO - Sync 1 DAGs
[2025-11-24T09:56:31.905+0000] {logging_mixin.py:188} INFO - [2025-11-24T09:56:31.905+0000] {dag.py:3954} INFO - Setting next_dagrun for incremental_hoadon_chitiethanghoa_pipeline to 2025-11-25 00:00:00+00:00, run_after=2025-11-26 00:00:00+00:00
[2025-11-24T09:56:31.928+0000] {processor.py:183} INFO - Processing /opt/airflow/dags/pipeline.py took 0.186 seconds
[2025-11-24T09:57:02.111+0000] {processor.py:161} INFO - Started process (PID=200) to work on /opt/airflow/dags/pipeline.py
[2025-11-24T09:57:02.113+0000] {processor.py:830} INFO - Processing file /opt/airflow/dags/pipeline.py for tasks to queue
[2025-11-24T09:57:02.116+0000] {logging_mixin.py:188} INFO - [2025-11-24T09:57:02.116+0000] {dagbag.py:545} INFO - Filling up the DagBag from /opt/airflow/dags/pipeline.py
[2025-11-24T09:57:02.142+0000] {processor.py:840} INFO - DAG(s) 'incremental_hoadon_chitiethanghoa_pipeline' retrieved from /opt/airflow/dags/pipeline.py
[2025-11-24T09:57:02.265+0000] {logging_mixin.py:188} INFO - [2025-11-24T09:57:02.264+0000] {dag.py:3096} INFO - Sync 1 DAGs
[2025-11-24T09:57:02.292+0000] {logging_mixin.py:188} INFO - [2025-11-24T09:57:02.291+0000] {dag.py:3954} INFO - Setting next_dagrun for incremental_hoadon_chitiethanghoa_pipeline to 2025-11-25 00:00:00+00:00, run_after=2025-11-26 00:00:00+00:00
[2025-11-24T09:57:02.315+0000] {processor.py:183} INFO - Processing /opt/airflow/dags/pipeline.py took 0.214 seconds
[2025-11-24T09:57:32.508+0000] {processor.py:161} INFO - Started process (PID=205) to work on /opt/airflow/dags/pipeline.py
[2025-11-24T09:57:32.509+0000] {processor.py:830} INFO - Processing file /opt/airflow/dags/pipeline.py for tasks to queue
[2025-11-24T09:57:32.513+0000] {logging_mixin.py:188} INFO - [2025-11-24T09:57:32.512+0000] {dagbag.py:545} INFO - Filling up the DagBag from /opt/airflow/dags/pipeline.py
[2025-11-24T09:57:32.542+0000] {processor.py:840} INFO - DAG(s) 'incremental_hoadon_chitiethanghoa_pipeline' retrieved from /opt/airflow/dags/pipeline.py
[2025-11-24T09:57:32.674+0000] {logging_mixin.py:188} INFO - [2025-11-24T09:57:32.674+0000] {dag.py:3096} INFO - Sync 1 DAGs
[2025-11-24T09:57:32.703+0000] {logging_mixin.py:188} INFO - [2025-11-24T09:57:32.703+0000] {dag.py:3954} INFO - Setting next_dagrun for incremental_hoadon_chitiethanghoa_pipeline to 2025-11-25 00:00:00+00:00, run_after=2025-11-26 00:00:00+00:00
[2025-11-24T09:57:32.731+0000] {processor.py:183} INFO - Processing /opt/airflow/dags/pipeline.py took 0.235 seconds
[2025-11-24T09:58:02.903+0000] {processor.py:161} INFO - Started process (PID=210) to work on /opt/airflow/dags/pipeline.py
[2025-11-24T09:58:02.904+0000] {processor.py:830} INFO - Processing file /opt/airflow/dags/pipeline.py for tasks to queue
[2025-11-24T09:58:02.906+0000] {logging_mixin.py:188} INFO - [2025-11-24T09:58:02.905+0000] {dagbag.py:545} INFO - Filling up the DagBag from /opt/airflow/dags/pipeline.py
[2025-11-24T09:58:02.928+0000] {processor.py:840} INFO - DAG(s) 'incremental_hoadon_chitiethanghoa_pipeline' retrieved from /opt/airflow/dags/pipeline.py
[2025-11-24T09:58:03.032+0000] {logging_mixin.py:188} INFO - [2025-11-24T09:58:03.032+0000] {dag.py:3096} INFO - Sync 1 DAGs
[2025-11-24T09:58:03.056+0000] {logging_mixin.py:188} INFO - [2025-11-24T09:58:03.056+0000] {dag.py:3954} INFO - Setting next_dagrun for incremental_hoadon_chitiethanghoa_pipeline to 2025-11-25 00:00:00+00:00, run_after=2025-11-26 00:00:00+00:00
[2025-11-24T09:58:03.087+0000] {processor.py:183} INFO - Processing /opt/airflow/dags/pipeline.py took 0.189 seconds
[2025-11-24T09:58:33.272+0000] {processor.py:161} INFO - Started process (PID=215) to work on /opt/airflow/dags/pipeline.py
[2025-11-24T09:58:33.273+0000] {processor.py:830} INFO - Processing file /opt/airflow/dags/pipeline.py for tasks to queue
[2025-11-24T09:58:33.275+0000] {logging_mixin.py:188} INFO - [2025-11-24T09:58:33.275+0000] {dagbag.py:545} INFO - Filling up the DagBag from /opt/airflow/dags/pipeline.py
[2025-11-24T09:58:33.295+0000] {processor.py:840} INFO - DAG(s) 'incremental_hoadon_chitiethanghoa_pipeline' retrieved from /opt/airflow/dags/pipeline.py
[2025-11-24T09:58:33.400+0000] {logging_mixin.py:188} INFO - [2025-11-24T09:58:33.400+0000] {dag.py:3096} INFO - Sync 1 DAGs
[2025-11-24T09:58:33.424+0000] {logging_mixin.py:188} INFO - [2025-11-24T09:58:33.423+0000] {dag.py:3954} INFO - Setting next_dagrun for incremental_hoadon_chitiethanghoa_pipeline to 2025-11-25 00:00:00+00:00, run_after=2025-11-26 00:00:00+00:00
[2025-11-24T09:58:33.449+0000] {processor.py:183} INFO - Processing /opt/airflow/dags/pipeline.py took 0.182 seconds
[2025-11-24T09:59:03.626+0000] {processor.py:161} INFO - Started process (PID=220) to work on /opt/airflow/dags/pipeline.py
[2025-11-24T09:59:03.627+0000] {processor.py:830} INFO - Processing file /opt/airflow/dags/pipeline.py for tasks to queue
[2025-11-24T09:59:03.629+0000] {logging_mixin.py:188} INFO - [2025-11-24T09:59:03.629+0000] {dagbag.py:545} INFO - Filling up the DagBag from /opt/airflow/dags/pipeline.py
[2025-11-24T09:59:03.647+0000] {processor.py:840} INFO - DAG(s) 'incremental_hoadon_chitiethanghoa_pipeline' retrieved from /opt/airflow/dags/pipeline.py
[2025-11-24T09:59:03.759+0000] {logging_mixin.py:188} INFO - [2025-11-24T09:59:03.759+0000] {dag.py:3096} INFO - Sync 1 DAGs
[2025-11-24T09:59:03.782+0000] {logging_mixin.py:188} INFO - [2025-11-24T09:59:03.782+0000] {dag.py:3954} INFO - Setting next_dagrun for incremental_hoadon_chitiethanghoa_pipeline to 2025-11-25 00:00:00+00:00, run_after=2025-11-26 00:00:00+00:00
[2025-11-24T09:59:03.805+0000] {processor.py:183} INFO - Processing /opt/airflow/dags/pipeline.py took 0.185 seconds
[2025-11-24T09:59:33.979+0000] {processor.py:161} INFO - Started process (PID=225) to work on /opt/airflow/dags/pipeline.py
[2025-11-24T09:59:33.980+0000] {processor.py:830} INFO - Processing file /opt/airflow/dags/pipeline.py for tasks to queue
[2025-11-24T09:59:33.982+0000] {logging_mixin.py:188} INFO - [2025-11-24T09:59:33.981+0000] {dagbag.py:545} INFO - Filling up the DagBag from /opt/airflow/dags/pipeline.py
[2025-11-24T09:59:34.002+0000] {processor.py:840} INFO - DAG(s) 'incremental_hoadon_chitiethanghoa_pipeline' retrieved from /opt/airflow/dags/pipeline.py
[2025-11-24T09:59:34.108+0000] {logging_mixin.py:188} INFO - [2025-11-24T09:59:34.107+0000] {dag.py:3096} INFO - Sync 1 DAGs
[2025-11-24T09:59:34.129+0000] {logging_mixin.py:188} INFO - [2025-11-24T09:59:34.129+0000] {dag.py:3954} INFO - Setting next_dagrun for incremental_hoadon_chitiethanghoa_pipeline to 2025-11-25 00:00:00+00:00, run_after=2025-11-26 00:00:00+00:00
[2025-11-24T09:59:34.151+0000] {processor.py:183} INFO - Processing /opt/airflow/dags/pipeline.py took 0.178 seconds
[2025-11-24T10:00:04.328+0000] {processor.py:161} INFO - Started process (PID=230) to work on /opt/airflow/dags/pipeline.py
[2025-11-24T10:00:04.329+0000] {processor.py:830} INFO - Processing file /opt/airflow/dags/pipeline.py for tasks to queue
[2025-11-24T10:00:04.331+0000] {logging_mixin.py:188} INFO - [2025-11-24T10:00:04.331+0000] {dagbag.py:545} INFO - Filling up the DagBag from /opt/airflow/dags/pipeline.py
[2025-11-24T10:00:04.349+0000] {processor.py:840} INFO - DAG(s) 'incremental_hoadon_chitiethanghoa_pipeline' retrieved from /opt/airflow/dags/pipeline.py
[2025-11-24T10:00:04.448+0000] {logging_mixin.py:188} INFO - [2025-11-24T10:00:04.448+0000] {dag.py:3096} INFO - Sync 1 DAGs
[2025-11-24T10:00:04.471+0000] {logging_mixin.py:188} INFO - [2025-11-24T10:00:04.470+0000] {dag.py:3954} INFO - Setting next_dagrun for incremental_hoadon_chitiethanghoa_pipeline to 2025-11-25 00:00:00+00:00, run_after=2025-11-26 00:00:00+00:00
[2025-11-24T10:00:04.492+0000] {processor.py:183} INFO - Processing /opt/airflow/dags/pipeline.py took 0.170 seconds
[2025-11-24T10:00:34.661+0000] {processor.py:161} INFO - Started process (PID=235) to work on /opt/airflow/dags/pipeline.py
[2025-11-24T10:00:34.662+0000] {processor.py:830} INFO - Processing file /opt/airflow/dags/pipeline.py for tasks to queue
[2025-11-24T10:00:34.663+0000] {logging_mixin.py:188} INFO - [2025-11-24T10:00:34.663+0000] {dagbag.py:545} INFO - Filling up the DagBag from /opt/airflow/dags/pipeline.py
[2025-11-24T10:00:34.682+0000] {processor.py:840} INFO - DAG(s) 'incremental_hoadon_chitiethanghoa_pipeline' retrieved from /opt/airflow/dags/pipeline.py
[2025-11-24T10:00:34.786+0000] {logging_mixin.py:188} INFO - [2025-11-24T10:00:34.786+0000] {dag.py:3096} INFO - Sync 1 DAGs
[2025-11-24T10:00:34.809+0000] {logging_mixin.py:188} INFO - [2025-11-24T10:00:34.809+0000] {dag.py:3954} INFO - Setting next_dagrun for incremental_hoadon_chitiethanghoa_pipeline to 2025-11-25 00:00:00+00:00, run_after=2025-11-26 00:00:00+00:00
[2025-11-24T10:00:34.832+0000] {processor.py:183} INFO - Processing /opt/airflow/dags/pipeline.py took 0.178 seconds
[2025-11-24T10:01:05.001+0000] {processor.py:161} INFO - Started process (PID=240) to work on /opt/airflow/dags/pipeline.py
[2025-11-24T10:01:05.002+0000] {processor.py:830} INFO - Processing file /opt/airflow/dags/pipeline.py for tasks to queue
[2025-11-24T10:01:05.003+0000] {logging_mixin.py:188} INFO - [2025-11-24T10:01:05.003+0000] {dagbag.py:545} INFO - Filling up the DagBag from /opt/airflow/dags/pipeline.py
[2025-11-24T10:01:05.022+0000] {processor.py:840} INFO - DAG(s) 'incremental_hoadon_chitiethanghoa_pipeline' retrieved from /opt/airflow/dags/pipeline.py
[2025-11-24T10:01:05.128+0000] {logging_mixin.py:188} INFO - [2025-11-24T10:01:05.128+0000] {dag.py:3096} INFO - Sync 1 DAGs
[2025-11-24T10:01:05.150+0000] {logging_mixin.py:188} INFO - [2025-11-24T10:01:05.150+0000] {dag.py:3954} INFO - Setting next_dagrun for incremental_hoadon_chitiethanghoa_pipeline to 2025-11-25 00:00:00+00:00, run_after=2025-11-26 00:00:00+00:00
[2025-11-24T10:01:05.181+0000] {processor.py:183} INFO - Processing /opt/airflow/dags/pipeline.py took 0.186 seconds
[2025-11-24T10:01:35.352+0000] {processor.py:161} INFO - Started process (PID=245) to work on /opt/airflow/dags/pipeline.py
[2025-11-24T10:01:35.353+0000] {processor.py:830} INFO - Processing file /opt/airflow/dags/pipeline.py for tasks to queue
[2025-11-24T10:01:35.355+0000] {logging_mixin.py:188} INFO - [2025-11-24T10:01:35.355+0000] {dagbag.py:545} INFO - Filling up the DagBag from /opt/airflow/dags/pipeline.py
[2025-11-24T10:01:35.372+0000] {processor.py:840} INFO - DAG(s) 'incremental_hoadon_chitiethanghoa_pipeline' retrieved from /opt/airflow/dags/pipeline.py
[2025-11-24T10:01:35.477+0000] {logging_mixin.py:188} INFO - [2025-11-24T10:01:35.476+0000] {dag.py:3096} INFO - Sync 1 DAGs
[2025-11-24T10:01:35.499+0000] {logging_mixin.py:188} INFO - [2025-11-24T10:01:35.499+0000] {dag.py:3954} INFO - Setting next_dagrun for incremental_hoadon_chitiethanghoa_pipeline to 2025-11-25 00:00:00+00:00, run_after=2025-11-26 00:00:00+00:00
[2025-11-24T10:01:35.529+0000] {processor.py:183} INFO - Processing /opt/airflow/dags/pipeline.py took 0.182 seconds
[2025-11-24T10:02:05.703+0000] {processor.py:161} INFO - Started process (PID=250) to work on /opt/airflow/dags/pipeline.py
[2025-11-24T10:02:05.704+0000] {processor.py:830} INFO - Processing file /opt/airflow/dags/pipeline.py for tasks to queue
[2025-11-24T10:02:05.705+0000] {logging_mixin.py:188} INFO - [2025-11-24T10:02:05.705+0000] {dagbag.py:545} INFO - Filling up the DagBag from /opt/airflow/dags/pipeline.py
[2025-11-24T10:02:05.725+0000] {processor.py:840} INFO - DAG(s) 'incremental_hoadon_chitiethanghoa_pipeline' retrieved from /opt/airflow/dags/pipeline.py
[2025-11-24T10:02:05.827+0000] {logging_mixin.py:188} INFO - [2025-11-24T10:02:05.827+0000] {dag.py:3096} INFO - Sync 1 DAGs
[2025-11-24T10:02:05.847+0000] {logging_mixin.py:188} INFO - [2025-11-24T10:02:05.847+0000] {dag.py:3954} INFO - Setting next_dagrun for incremental_hoadon_chitiethanghoa_pipeline to 2025-11-25 00:00:00+00:00, run_after=2025-11-26 00:00:00+00:00
[2025-11-24T10:02:05.868+0000] {processor.py:183} INFO - Processing /opt/airflow/dags/pipeline.py took 0.171 seconds
[2025-11-24T10:02:36.044+0000] {processor.py:161} INFO - Started process (PID=255) to work on /opt/airflow/dags/pipeline.py
[2025-11-24T10:02:36.045+0000] {processor.py:830} INFO - Processing file /opt/airflow/dags/pipeline.py for tasks to queue
[2025-11-24T10:02:36.047+0000] {logging_mixin.py:188} INFO - [2025-11-24T10:02:36.047+0000] {dagbag.py:545} INFO - Filling up the DagBag from /opt/airflow/dags/pipeline.py
[2025-11-24T10:02:36.069+0000] {processor.py:840} INFO - DAG(s) 'incremental_hoadon_chitiethanghoa_pipeline' retrieved from /opt/airflow/dags/pipeline.py
[2025-11-24T10:02:36.182+0000] {logging_mixin.py:188} INFO - [2025-11-24T10:02:36.181+0000] {dag.py:3096} INFO - Sync 1 DAGs
[2025-11-24T10:02:36.204+0000] {logging_mixin.py:188} INFO - [2025-11-24T10:02:36.204+0000] {dag.py:3954} INFO - Setting next_dagrun for incremental_hoadon_chitiethanghoa_pipeline to 2025-11-25 00:00:00+00:00, run_after=2025-11-26 00:00:00+00:00
[2025-11-24T10:02:36.227+0000] {processor.py:183} INFO - Processing /opt/airflow/dags/pipeline.py took 0.188 seconds
[2025-11-24T10:03:06.416+0000] {processor.py:161} INFO - Started process (PID=260) to work on /opt/airflow/dags/pipeline.py
[2025-11-24T10:03:06.417+0000] {processor.py:830} INFO - Processing file /opt/airflow/dags/pipeline.py for tasks to queue
[2025-11-24T10:03:06.419+0000] {logging_mixin.py:188} INFO - [2025-11-24T10:03:06.419+0000] {dagbag.py:545} INFO - Filling up the DagBag from /opt/airflow/dags/pipeline.py
[2025-11-24T10:03:06.438+0000] {processor.py:840} INFO - DAG(s) 'incremental_hoadon_chitiethanghoa_pipeline' retrieved from /opt/airflow/dags/pipeline.py
[2025-11-24T10:03:06.546+0000] {logging_mixin.py:188} INFO - [2025-11-24T10:03:06.546+0000] {dag.py:3096} INFO - Sync 1 DAGs
[2025-11-24T10:03:06.574+0000] {logging_mixin.py:188} INFO - [2025-11-24T10:03:06.574+0000] {dag.py:3954} INFO - Setting next_dagrun for incremental_hoadon_chitiethanghoa_pipeline to 2025-11-25 00:00:00+00:00, run_after=2025-11-26 00:00:00+00:00
[2025-11-24T10:03:06.607+0000] {processor.py:183} INFO - Processing /opt/airflow/dags/pipeline.py took 0.196 seconds
[2025-11-24T10:03:36.786+0000] {processor.py:161} INFO - Started process (PID=265) to work on /opt/airflow/dags/pipeline.py
[2025-11-24T10:03:36.787+0000] {processor.py:830} INFO - Processing file /opt/airflow/dags/pipeline.py for tasks to queue
[2025-11-24T10:03:36.789+0000] {logging_mixin.py:188} INFO - [2025-11-24T10:03:36.789+0000] {dagbag.py:545} INFO - Filling up the DagBag from /opt/airflow/dags/pipeline.py
[2025-11-24T10:03:36.810+0000] {processor.py:840} INFO - DAG(s) 'incremental_hoadon_chitiethanghoa_pipeline' retrieved from /opt/airflow/dags/pipeline.py
[2025-11-24T10:03:36.931+0000] {logging_mixin.py:188} INFO - [2025-11-24T10:03:36.931+0000] {dag.py:3096} INFO - Sync 1 DAGs
[2025-11-24T10:03:36.955+0000] {logging_mixin.py:188} INFO - [2025-11-24T10:03:36.955+0000] {dag.py:3954} INFO - Setting next_dagrun for incremental_hoadon_chitiethanghoa_pipeline to 2025-11-25 00:00:00+00:00, run_after=2025-11-26 00:00:00+00:00
[2025-11-24T10:03:36.981+0000] {processor.py:183} INFO - Processing /opt/airflow/dags/pipeline.py took 0.201 seconds
[2025-11-24T10:04:07.156+0000] {processor.py:161} INFO - Started process (PID=270) to work on /opt/airflow/dags/pipeline.py
[2025-11-24T10:04:07.156+0000] {processor.py:830} INFO - Processing file /opt/airflow/dags/pipeline.py for tasks to queue
[2025-11-24T10:04:07.159+0000] {logging_mixin.py:188} INFO - [2025-11-24T10:04:07.158+0000] {dagbag.py:545} INFO - Filling up the DagBag from /opt/airflow/dags/pipeline.py
[2025-11-24T10:04:07.178+0000] {processor.py:840} INFO - DAG(s) 'incremental_hoadon_chitiethanghoa_pipeline' retrieved from /opt/airflow/dags/pipeline.py
[2025-11-24T10:04:07.299+0000] {logging_mixin.py:188} INFO - [2025-11-24T10:04:07.299+0000] {dag.py:3096} INFO - Sync 1 DAGs
[2025-11-24T10:04:07.327+0000] {logging_mixin.py:188} INFO - [2025-11-24T10:04:07.327+0000] {dag.py:3954} INFO - Setting next_dagrun for incremental_hoadon_chitiethanghoa_pipeline to 2025-11-25 00:00:00+00:00, run_after=2025-11-26 00:00:00+00:00
[2025-11-24T10:04:07.354+0000] {processor.py:183} INFO - Processing /opt/airflow/dags/pipeline.py took 0.204 seconds
[2025-11-24T10:04:37.534+0000] {processor.py:161} INFO - Started process (PID=275) to work on /opt/airflow/dags/pipeline.py
[2025-11-24T10:04:37.535+0000] {processor.py:830} INFO - Processing file /opt/airflow/dags/pipeline.py for tasks to queue
[2025-11-24T10:04:37.537+0000] {logging_mixin.py:188} INFO - [2025-11-24T10:04:37.536+0000] {dagbag.py:545} INFO - Filling up the DagBag from /opt/airflow/dags/pipeline.py
[2025-11-24T10:04:37.554+0000] {processor.py:840} INFO - DAG(s) 'incremental_hoadon_chitiethanghoa_pipeline' retrieved from /opt/airflow/dags/pipeline.py
[2025-11-24T10:04:37.653+0000] {logging_mixin.py:188} INFO - [2025-11-24T10:04:37.653+0000] {dag.py:3096} INFO - Sync 1 DAGs
[2025-11-24T10:04:37.672+0000] {logging_mixin.py:188} INFO - [2025-11-24T10:04:37.672+0000] {dag.py:3954} INFO - Setting next_dagrun for incremental_hoadon_chitiethanghoa_pipeline to 2025-11-25 00:00:00+00:00, run_after=2025-11-26 00:00:00+00:00
[2025-11-24T10:04:37.696+0000] {processor.py:183} INFO - Processing /opt/airflow/dags/pipeline.py took 0.168 seconds
[2025-11-24T10:05:07.864+0000] {processor.py:161} INFO - Started process (PID=280) to work on /opt/airflow/dags/pipeline.py
[2025-11-24T10:05:07.865+0000] {processor.py:830} INFO - Processing file /opt/airflow/dags/pipeline.py for tasks to queue
[2025-11-24T10:05:07.867+0000] {logging_mixin.py:188} INFO - [2025-11-24T10:05:07.866+0000] {dagbag.py:545} INFO - Filling up the DagBag from /opt/airflow/dags/pipeline.py
[2025-11-24T10:05:07.885+0000] {processor.py:840} INFO - DAG(s) 'incremental_hoadon_chitiethanghoa_pipeline' retrieved from /opt/airflow/dags/pipeline.py
[2025-11-24T10:05:07.984+0000] {logging_mixin.py:188} INFO - [2025-11-24T10:05:07.984+0000] {dag.py:3096} INFO - Sync 1 DAGs
[2025-11-24T10:05:08.006+0000] {logging_mixin.py:188} INFO - [2025-11-24T10:05:08.005+0000] {dag.py:3954} INFO - Setting next_dagrun for incremental_hoadon_chitiethanghoa_pipeline to 2025-11-25 00:00:00+00:00, run_after=2025-11-26 00:00:00+00:00
[2025-11-24T10:05:08.036+0000] {processor.py:183} INFO - Processing /opt/airflow/dags/pipeline.py took 0.178 seconds
[2025-11-24T10:05:38.208+0000] {processor.py:161} INFO - Started process (PID=285) to work on /opt/airflow/dags/pipeline.py
[2025-11-24T10:05:38.209+0000] {processor.py:830} INFO - Processing file /opt/airflow/dags/pipeline.py for tasks to queue
[2025-11-24T10:05:38.211+0000] {logging_mixin.py:188} INFO - [2025-11-24T10:05:38.211+0000] {dagbag.py:545} INFO - Filling up the DagBag from /opt/airflow/dags/pipeline.py
[2025-11-24T10:05:38.229+0000] {processor.py:840} INFO - DAG(s) 'incremental_hoadon_chitiethanghoa_pipeline' retrieved from /opt/airflow/dags/pipeline.py
[2025-11-24T10:05:38.329+0000] {logging_mixin.py:188} INFO - [2025-11-24T10:05:38.329+0000] {dag.py:3096} INFO - Sync 1 DAGs
[2025-11-24T10:05:38.348+0000] {logging_mixin.py:188} INFO - [2025-11-24T10:05:38.348+0000] {dag.py:3954} INFO - Setting next_dagrun for incremental_hoadon_chitiethanghoa_pipeline to 2025-11-25 00:00:00+00:00, run_after=2025-11-26 00:00:00+00:00
[2025-11-24T10:05:38.369+0000] {processor.py:183} INFO - Processing /opt/airflow/dags/pipeline.py took 0.166 seconds
[2025-11-24T10:06:08.560+0000] {processor.py:161} INFO - Started process (PID=290) to work on /opt/airflow/dags/pipeline.py
[2025-11-24T10:06:08.561+0000] {processor.py:830} INFO - Processing file /opt/airflow/dags/pipeline.py for tasks to queue
[2025-11-24T10:06:08.563+0000] {logging_mixin.py:188} INFO - [2025-11-24T10:06:08.563+0000] {dagbag.py:545} INFO - Filling up the DagBag from /opt/airflow/dags/pipeline.py
[2025-11-24T10:06:08.585+0000] {processor.py:840} INFO - DAG(s) 'incremental_hoadon_chitiethanghoa_pipeline' retrieved from /opt/airflow/dags/pipeline.py
[2025-11-24T10:06:08.686+0000] {logging_mixin.py:188} INFO - [2025-11-24T10:06:08.686+0000] {dag.py:3096} INFO - Sync 1 DAGs
[2025-11-24T10:06:08.712+0000] {logging_mixin.py:188} INFO - [2025-11-24T10:06:08.712+0000] {dag.py:3954} INFO - Setting next_dagrun for incremental_hoadon_chitiethanghoa_pipeline to 2025-11-25 00:00:00+00:00, run_after=2025-11-26 00:00:00+00:00
[2025-11-24T10:06:08.734+0000] {processor.py:183} INFO - Processing /opt/airflow/dags/pipeline.py took 0.180 seconds
[2025-11-24T10:06:38.924+0000] {processor.py:161} INFO - Started process (PID=295) to work on /opt/airflow/dags/pipeline.py
[2025-11-24T10:06:38.927+0000] {processor.py:830} INFO - Processing file /opt/airflow/dags/pipeline.py for tasks to queue
[2025-11-24T10:06:38.932+0000] {logging_mixin.py:188} INFO - [2025-11-24T10:06:38.931+0000] {dagbag.py:545} INFO - Filling up the DagBag from /opt/airflow/dags/pipeline.py
[2025-11-24T10:06:38.969+0000] {processor.py:840} INFO - DAG(s) 'incremental_hoadon_chitiethanghoa_pipeline' retrieved from /opt/airflow/dags/pipeline.py
[2025-11-24T10:06:39.087+0000] {logging_mixin.py:188} INFO - [2025-11-24T10:06:39.087+0000] {dag.py:3096} INFO - Sync 1 DAGs
[2025-11-24T10:06:39.108+0000] {logging_mixin.py:188} INFO - [2025-11-24T10:06:39.108+0000] {dag.py:3954} INFO - Setting next_dagrun for incremental_hoadon_chitiethanghoa_pipeline to 2025-11-25 00:00:00+00:00, run_after=2025-11-26 00:00:00+00:00
[2025-11-24T10:06:39.138+0000] {processor.py:183} INFO - Processing /opt/airflow/dags/pipeline.py took 0.225 seconds
[2025-11-24T10:07:09.310+0000] {processor.py:161} INFO - Started process (PID=300) to work on /opt/airflow/dags/pipeline.py
[2025-11-24T10:07:09.311+0000] {processor.py:830} INFO - Processing file /opt/airflow/dags/pipeline.py for tasks to queue
[2025-11-24T10:07:09.313+0000] {logging_mixin.py:188} INFO - [2025-11-24T10:07:09.313+0000] {dagbag.py:545} INFO - Filling up the DagBag from /opt/airflow/dags/pipeline.py
[2025-11-24T10:07:09.331+0000] {processor.py:840} INFO - DAG(s) 'incremental_hoadon_chitiethanghoa_pipeline' retrieved from /opt/airflow/dags/pipeline.py
[2025-11-24T10:07:09.433+0000] {logging_mixin.py:188} INFO - [2025-11-24T10:07:09.432+0000] {dag.py:3096} INFO - Sync 1 DAGs
[2025-11-24T10:07:09.452+0000] {logging_mixin.py:188} INFO - [2025-11-24T10:07:09.452+0000] {dag.py:3954} INFO - Setting next_dagrun for incremental_hoadon_chitiethanghoa_pipeline to 2025-11-25 00:00:00+00:00, run_after=2025-11-26 00:00:00+00:00
[2025-11-24T10:07:09.475+0000] {processor.py:183} INFO - Processing /opt/airflow/dags/pipeline.py took 0.171 seconds
[2025-11-24T10:07:39.663+0000] {processor.py:161} INFO - Started process (PID=305) to work on /opt/airflow/dags/pipeline.py
[2025-11-24T10:07:39.664+0000] {processor.py:830} INFO - Processing file /opt/airflow/dags/pipeline.py for tasks to queue
[2025-11-24T10:07:39.666+0000] {logging_mixin.py:188} INFO - [2025-11-24T10:07:39.666+0000] {dagbag.py:545} INFO - Filling up the DagBag from /opt/airflow/dags/pipeline.py
[2025-11-24T10:07:39.692+0000] {processor.py:840} INFO - DAG(s) 'incremental_hoadon_chitiethanghoa_pipeline' retrieved from /opt/airflow/dags/pipeline.py
[2025-11-24T10:07:39.818+0000] {logging_mixin.py:188} INFO - [2025-11-24T10:07:39.818+0000] {dag.py:3096} INFO - Sync 1 DAGs
[2025-11-24T10:07:39.840+0000] {logging_mixin.py:188} INFO - [2025-11-24T10:07:39.839+0000] {dag.py:3954} INFO - Setting next_dagrun for incremental_hoadon_chitiethanghoa_pipeline to 2025-11-25 00:00:00+00:00, run_after=2025-11-26 00:00:00+00:00
[2025-11-24T10:07:39.862+0000] {processor.py:183} INFO - Processing /opt/airflow/dags/pipeline.py took 0.207 seconds
[2025-11-24T10:08:10.038+0000] {processor.py:161} INFO - Started process (PID=310) to work on /opt/airflow/dags/pipeline.py
[2025-11-24T10:08:10.039+0000] {processor.py:830} INFO - Processing file /opt/airflow/dags/pipeline.py for tasks to queue
[2025-11-24T10:08:10.041+0000] {logging_mixin.py:188} INFO - [2025-11-24T10:08:10.041+0000] {dagbag.py:545} INFO - Filling up the DagBag from /opt/airflow/dags/pipeline.py
[2025-11-24T10:08:10.061+0000] {processor.py:840} INFO - DAG(s) 'incremental_hoadon_chitiethanghoa_pipeline' retrieved from /opt/airflow/dags/pipeline.py
[2025-11-24T10:08:10.164+0000] {logging_mixin.py:188} INFO - [2025-11-24T10:08:10.164+0000] {dag.py:3096} INFO - Sync 1 DAGs
[2025-11-24T10:08:10.186+0000] {logging_mixin.py:188} INFO - [2025-11-24T10:08:10.185+0000] {dag.py:3954} INFO - Setting next_dagrun for incremental_hoadon_chitiethanghoa_pipeline to 2025-11-25 00:00:00+00:00, run_after=2025-11-26 00:00:00+00:00
[2025-11-24T10:08:10.208+0000] {processor.py:183} INFO - Processing /opt/airflow/dags/pipeline.py took 0.176 seconds
[2025-11-24T10:08:40.384+0000] {processor.py:161} INFO - Started process (PID=315) to work on /opt/airflow/dags/pipeline.py
[2025-11-24T10:08:40.385+0000] {processor.py:830} INFO - Processing file /opt/airflow/dags/pipeline.py for tasks to queue
[2025-11-24T10:08:40.387+0000] {logging_mixin.py:188} INFO - [2025-11-24T10:08:40.387+0000] {dagbag.py:545} INFO - Filling up the DagBag from /opt/airflow/dags/pipeline.py
[2025-11-24T10:08:40.410+0000] {processor.py:840} INFO - DAG(s) 'incremental_hoadon_chitiethanghoa_pipeline' retrieved from /opt/airflow/dags/pipeline.py
[2025-11-24T10:08:40.526+0000] {logging_mixin.py:188} INFO - [2025-11-24T10:08:40.526+0000] {dag.py:3096} INFO - Sync 1 DAGs
[2025-11-24T10:08:40.551+0000] {logging_mixin.py:188} INFO - [2025-11-24T10:08:40.551+0000] {dag.py:3954} INFO - Setting next_dagrun for incremental_hoadon_chitiethanghoa_pipeline to 2025-11-25 00:00:00+00:00, run_after=2025-11-26 00:00:00+00:00
[2025-11-24T10:08:40.579+0000] {processor.py:183} INFO - Processing /opt/airflow/dags/pipeline.py took 0.201 seconds
[2025-11-24T10:09:10.748+0000] {processor.py:161} INFO - Started process (PID=320) to work on /opt/airflow/dags/pipeline.py
[2025-11-24T10:09:10.749+0000] {processor.py:830} INFO - Processing file /opt/airflow/dags/pipeline.py for tasks to queue
[2025-11-24T10:09:10.751+0000] {logging_mixin.py:188} INFO - [2025-11-24T10:09:10.750+0000] {dagbag.py:545} INFO - Filling up the DagBag from /opt/airflow/dags/pipeline.py
[2025-11-24T10:09:10.770+0000] {processor.py:840} INFO - DAG(s) 'incremental_hoadon_chitiethanghoa_pipeline' retrieved from /opt/airflow/dags/pipeline.py
[2025-11-24T10:09:10.869+0000] {logging_mixin.py:188} INFO - [2025-11-24T10:09:10.869+0000] {dag.py:3096} INFO - Sync 1 DAGs
[2025-11-24T10:09:10.894+0000] {logging_mixin.py:188} INFO - [2025-11-24T10:09:10.894+0000] {dag.py:3954} INFO - Setting next_dagrun for incremental_hoadon_chitiethanghoa_pipeline to 2025-11-25 00:00:00+00:00, run_after=2025-11-26 00:00:00+00:00
[2025-11-24T10:09:10.919+0000] {processor.py:183} INFO - Processing /opt/airflow/dags/pipeline.py took 0.177 seconds
[2025-11-24T10:09:41.095+0000] {processor.py:161} INFO - Started process (PID=325) to work on /opt/airflow/dags/pipeline.py
[2025-11-24T10:09:41.096+0000] {processor.py:830} INFO - Processing file /opt/airflow/dags/pipeline.py for tasks to queue
[2025-11-24T10:09:41.098+0000] {logging_mixin.py:188} INFO - [2025-11-24T10:09:41.098+0000] {dagbag.py:545} INFO - Filling up the DagBag from /opt/airflow/dags/pipeline.py
[2025-11-24T10:09:41.118+0000] {processor.py:840} INFO - DAG(s) 'incremental_hoadon_chitiethanghoa_pipeline' retrieved from /opt/airflow/dags/pipeline.py
[2025-11-24T10:09:41.230+0000] {logging_mixin.py:188} INFO - [2025-11-24T10:09:41.229+0000] {dag.py:3096} INFO - Sync 1 DAGs
[2025-11-24T10:09:41.252+0000] {logging_mixin.py:188} INFO - [2025-11-24T10:09:41.252+0000] {dag.py:3954} INFO - Setting next_dagrun for incremental_hoadon_chitiethanghoa_pipeline to 2025-11-25 00:00:00+00:00, run_after=2025-11-26 00:00:00+00:00
[2025-11-24T10:09:41.274+0000] {processor.py:183} INFO - Processing /opt/airflow/dags/pipeline.py took 0.185 seconds
[2025-11-24T10:10:11.451+0000] {processor.py:161} INFO - Started process (PID=330) to work on /opt/airflow/dags/pipeline.py
[2025-11-24T10:10:11.452+0000] {processor.py:830} INFO - Processing file /opt/airflow/dags/pipeline.py for tasks to queue
[2025-11-24T10:10:11.455+0000] {logging_mixin.py:188} INFO - [2025-11-24T10:10:11.454+0000] {dagbag.py:545} INFO - Filling up the DagBag from /opt/airflow/dags/pipeline.py
[2025-11-24T10:10:11.476+0000] {processor.py:840} INFO - DAG(s) 'incremental_hoadon_chitiethanghoa_pipeline' retrieved from /opt/airflow/dags/pipeline.py
[2025-11-24T10:10:11.580+0000] {logging_mixin.py:188} INFO - [2025-11-24T10:10:11.580+0000] {dag.py:3096} INFO - Sync 1 DAGs
[2025-11-24T10:10:11.601+0000] {logging_mixin.py:188} INFO - [2025-11-24T10:10:11.600+0000] {dag.py:3954} INFO - Setting next_dagrun for incremental_hoadon_chitiethanghoa_pipeline to 2025-11-25 00:00:00+00:00, run_after=2025-11-26 00:00:00+00:00
[2025-11-24T10:10:11.631+0000] {processor.py:183} INFO - Processing /opt/airflow/dags/pipeline.py took 0.187 seconds
[2025-11-24T10:10:41.807+0000] {processor.py:161} INFO - Started process (PID=335) to work on /opt/airflow/dags/pipeline.py
[2025-11-24T10:10:41.808+0000] {processor.py:830} INFO - Processing file /opt/airflow/dags/pipeline.py for tasks to queue
[2025-11-24T10:10:41.809+0000] {logging_mixin.py:188} INFO - [2025-11-24T10:10:41.809+0000] {dagbag.py:545} INFO - Filling up the DagBag from /opt/airflow/dags/pipeline.py
[2025-11-24T10:10:41.828+0000] {processor.py:840} INFO - DAG(s) 'incremental_hoadon_chitiethanghoa_pipeline' retrieved from /opt/airflow/dags/pipeline.py
[2025-11-24T10:10:41.929+0000] {logging_mixin.py:188} INFO - [2025-11-24T10:10:41.929+0000] {dag.py:3096} INFO - Sync 1 DAGs
[2025-11-24T10:10:41.949+0000] {logging_mixin.py:188} INFO - [2025-11-24T10:10:41.949+0000] {dag.py:3954} INFO - Setting next_dagrun for incremental_hoadon_chitiethanghoa_pipeline to 2025-11-25 00:00:00+00:00, run_after=2025-11-26 00:00:00+00:00
[2025-11-24T10:10:41.970+0000] {processor.py:183} INFO - Processing /opt/airflow/dags/pipeline.py took 0.169 seconds
[2025-11-24T10:11:12.142+0000] {processor.py:161} INFO - Started process (PID=340) to work on /opt/airflow/dags/pipeline.py
[2025-11-24T10:11:12.143+0000] {processor.py:830} INFO - Processing file /opt/airflow/dags/pipeline.py for tasks to queue
[2025-11-24T10:11:12.145+0000] {logging_mixin.py:188} INFO - [2025-11-24T10:11:12.145+0000] {dagbag.py:545} INFO - Filling up the DagBag from /opt/airflow/dags/pipeline.py
[2025-11-24T10:11:12.164+0000] {processor.py:840} INFO - DAG(s) 'incremental_hoadon_chitiethanghoa_pipeline' retrieved from /opt/airflow/dags/pipeline.py
[2025-11-24T10:11:12.273+0000] {logging_mixin.py:188} INFO - [2025-11-24T10:11:12.272+0000] {dag.py:3096} INFO - Sync 1 DAGs
[2025-11-24T10:11:12.295+0000] {logging_mixin.py:188} INFO - [2025-11-24T10:11:12.294+0000] {dag.py:3954} INFO - Setting next_dagrun for incremental_hoadon_chitiethanghoa_pipeline to 2025-11-25 00:00:00+00:00, run_after=2025-11-26 00:00:00+00:00
[2025-11-24T10:11:12.319+0000] {processor.py:183} INFO - Processing /opt/airflow/dags/pipeline.py took 0.183 seconds
[2025-11-24T10:11:42.491+0000] {processor.py:161} INFO - Started process (PID=345) to work on /opt/airflow/dags/pipeline.py
[2025-11-24T10:11:42.492+0000] {processor.py:830} INFO - Processing file /opt/airflow/dags/pipeline.py for tasks to queue
[2025-11-24T10:11:42.494+0000] {logging_mixin.py:188} INFO - [2025-11-24T10:11:42.493+0000] {dagbag.py:545} INFO - Filling up the DagBag from /opt/airflow/dags/pipeline.py
[2025-11-24T10:11:42.511+0000] {processor.py:840} INFO - DAG(s) 'incremental_hoadon_chitiethanghoa_pipeline' retrieved from /opt/airflow/dags/pipeline.py
[2025-11-24T10:11:42.611+0000] {logging_mixin.py:188} INFO - [2025-11-24T10:11:42.611+0000] {dag.py:3096} INFO - Sync 1 DAGs
[2025-11-24T10:11:42.633+0000] {logging_mixin.py:188} INFO - [2025-11-24T10:11:42.633+0000] {dag.py:3954} INFO - Setting next_dagrun for incremental_hoadon_chitiethanghoa_pipeline to 2025-11-25 00:00:00+00:00, run_after=2025-11-26 00:00:00+00:00
[2025-11-24T10:11:42.653+0000] {processor.py:183} INFO - Processing /opt/airflow/dags/pipeline.py took 0.168 seconds
[2025-11-24T10:12:12.826+0000] {processor.py:161} INFO - Started process (PID=350) to work on /opt/airflow/dags/pipeline.py
[2025-11-24T10:12:12.827+0000] {processor.py:830} INFO - Processing file /opt/airflow/dags/pipeline.py for tasks to queue
[2025-11-24T10:12:12.829+0000] {logging_mixin.py:188} INFO - [2025-11-24T10:12:12.828+0000] {dagbag.py:545} INFO - Filling up the DagBag from /opt/airflow/dags/pipeline.py
[2025-11-24T10:12:12.846+0000] {processor.py:840} INFO - DAG(s) 'incremental_hoadon_chitiethanghoa_pipeline' retrieved from /opt/airflow/dags/pipeline.py
[2025-11-24T10:12:12.946+0000] {logging_mixin.py:188} INFO - [2025-11-24T10:12:12.946+0000] {dag.py:3096} INFO - Sync 1 DAGs
[2025-11-24T10:12:12.968+0000] {logging_mixin.py:188} INFO - [2025-11-24T10:12:12.968+0000] {dag.py:3954} INFO - Setting next_dagrun for incremental_hoadon_chitiethanghoa_pipeline to 2025-11-25 00:00:00+00:00, run_after=2025-11-26 00:00:00+00:00
[2025-11-24T10:12:12.987+0000] {processor.py:183} INFO - Processing /opt/airflow/dags/pipeline.py took 0.167 seconds
[2025-11-24T10:12:43.159+0000] {processor.py:161} INFO - Started process (PID=355) to work on /opt/airflow/dags/pipeline.py
[2025-11-24T10:12:43.160+0000] {processor.py:830} INFO - Processing file /opt/airflow/dags/pipeline.py for tasks to queue
[2025-11-24T10:12:43.161+0000] {logging_mixin.py:188} INFO - [2025-11-24T10:12:43.161+0000] {dagbag.py:545} INFO - Filling up the DagBag from /opt/airflow/dags/pipeline.py
[2025-11-24T10:12:43.180+0000] {processor.py:840} INFO - DAG(s) 'incremental_hoadon_chitiethanghoa_pipeline' retrieved from /opt/airflow/dags/pipeline.py
[2025-11-24T10:12:43.283+0000] {logging_mixin.py:188} INFO - [2025-11-24T10:12:43.282+0000] {dag.py:3096} INFO - Sync 1 DAGs
[2025-11-24T10:12:43.303+0000] {logging_mixin.py:188} INFO - [2025-11-24T10:12:43.302+0000] {dag.py:3954} INFO - Setting next_dagrun for incremental_hoadon_chitiethanghoa_pipeline to 2025-11-25 00:00:00+00:00, run_after=2025-11-26 00:00:00+00:00
[2025-11-24T10:12:43.327+0000] {processor.py:183} INFO - Processing /opt/airflow/dags/pipeline.py took 0.173 seconds
[2025-11-24T10:13:13.496+0000] {processor.py:161} INFO - Started process (PID=360) to work on /opt/airflow/dags/pipeline.py
[2025-11-24T10:13:13.497+0000] {processor.py:830} INFO - Processing file /opt/airflow/dags/pipeline.py for tasks to queue
[2025-11-24T10:13:13.499+0000] {logging_mixin.py:188} INFO - [2025-11-24T10:13:13.498+0000] {dagbag.py:545} INFO - Filling up the DagBag from /opt/airflow/dags/pipeline.py
[2025-11-24T10:13:13.517+0000] {processor.py:840} INFO - DAG(s) 'incremental_hoadon_chitiethanghoa_pipeline' retrieved from /opt/airflow/dags/pipeline.py
[2025-11-24T10:13:13.613+0000] {logging_mixin.py:188} INFO - [2025-11-24T10:13:13.613+0000] {dag.py:3096} INFO - Sync 1 DAGs
[2025-11-24T10:13:13.633+0000] {logging_mixin.py:188} INFO - [2025-11-24T10:13:13.633+0000] {dag.py:3954} INFO - Setting next_dagrun for incremental_hoadon_chitiethanghoa_pipeline to 2025-11-25 00:00:00+00:00, run_after=2025-11-26 00:00:00+00:00
[2025-11-24T10:13:13.654+0000] {processor.py:183} INFO - Processing /opt/airflow/dags/pipeline.py took 0.163 seconds
[2025-11-24T10:13:43.847+0000] {processor.py:161} INFO - Started process (PID=365) to work on /opt/airflow/dags/pipeline.py
[2025-11-24T10:13:43.847+0000] {processor.py:830} INFO - Processing file /opt/airflow/dags/pipeline.py for tasks to queue
[2025-11-24T10:13:43.849+0000] {logging_mixin.py:188} INFO - [2025-11-24T10:13:43.849+0000] {dagbag.py:545} INFO - Filling up the DagBag from /opt/airflow/dags/pipeline.py
[2025-11-24T10:13:43.867+0000] {processor.py:840} INFO - DAG(s) 'incremental_hoadon_chitiethanghoa_pipeline' retrieved from /opt/airflow/dags/pipeline.py
[2025-11-24T10:13:43.962+0000] {logging_mixin.py:188} INFO - [2025-11-24T10:13:43.962+0000] {dag.py:3096} INFO - Sync 1 DAGs
[2025-11-24T10:13:43.982+0000] {logging_mixin.py:188} INFO - [2025-11-24T10:13:43.981+0000] {dag.py:3954} INFO - Setting next_dagrun for incremental_hoadon_chitiethanghoa_pipeline to 2025-11-25 00:00:00+00:00, run_after=2025-11-26 00:00:00+00:00
[2025-11-24T10:13:44.012+0000] {processor.py:183} INFO - Processing /opt/airflow/dags/pipeline.py took 0.170 seconds
[2025-11-24T10:14:14.186+0000] {processor.py:161} INFO - Started process (PID=370) to work on /opt/airflow/dags/pipeline.py
[2025-11-24T10:14:14.188+0000] {processor.py:830} INFO - Processing file /opt/airflow/dags/pipeline.py for tasks to queue
[2025-11-24T10:14:14.189+0000] {logging_mixin.py:188} INFO - [2025-11-24T10:14:14.189+0000] {dagbag.py:545} INFO - Filling up the DagBag from /opt/airflow/dags/pipeline.py
[2025-11-24T10:14:14.214+0000] {processor.py:840} INFO - DAG(s) 'incremental_hoadon_chitiethanghoa_pipeline' retrieved from /opt/airflow/dags/pipeline.py
[2025-11-24T10:14:14.332+0000] {logging_mixin.py:188} INFO - [2025-11-24T10:14:14.331+0000] {dag.py:3096} INFO - Sync 1 DAGs
[2025-11-24T10:14:14.352+0000] {logging_mixin.py:188} INFO - [2025-11-24T10:14:14.352+0000] {dag.py:3954} INFO - Setting next_dagrun for incremental_hoadon_chitiethanghoa_pipeline to 2025-11-25 00:00:00+00:00, run_after=2025-11-26 00:00:00+00:00
[2025-11-24T10:14:14.377+0000] {processor.py:183} INFO - Processing /opt/airflow/dags/pipeline.py took 0.196 seconds
[2025-11-24T10:14:44.551+0000] {processor.py:161} INFO - Started process (PID=375) to work on /opt/airflow/dags/pipeline.py
[2025-11-24T10:14:44.552+0000] {processor.py:830} INFO - Processing file /opt/airflow/dags/pipeline.py for tasks to queue
[2025-11-24T10:14:44.554+0000] {logging_mixin.py:188} INFO - [2025-11-24T10:14:44.553+0000] {dagbag.py:545} INFO - Filling up the DagBag from /opt/airflow/dags/pipeline.py
[2025-11-24T10:14:44.572+0000] {processor.py:840} INFO - DAG(s) 'incremental_hoadon_chitiethanghoa_pipeline' retrieved from /opt/airflow/dags/pipeline.py
[2025-11-24T10:14:44.670+0000] {logging_mixin.py:188} INFO - [2025-11-24T10:14:44.670+0000] {dag.py:3096} INFO - Sync 1 DAGs
[2025-11-24T10:14:44.692+0000] {logging_mixin.py:188} INFO - [2025-11-24T10:14:44.691+0000] {dag.py:3954} INFO - Setting next_dagrun for incremental_hoadon_chitiethanghoa_pipeline to 2025-11-25 00:00:00+00:00, run_after=2025-11-26 00:00:00+00:00
[2025-11-24T10:14:44.722+0000] {processor.py:183} INFO - Processing /opt/airflow/dags/pipeline.py took 0.177 seconds
[2025-11-24T10:15:14.901+0000] {processor.py:161} INFO - Started process (PID=380) to work on /opt/airflow/dags/pipeline.py
[2025-11-24T10:15:14.902+0000] {processor.py:830} INFO - Processing file /opt/airflow/dags/pipeline.py for tasks to queue
[2025-11-24T10:15:14.904+0000] {logging_mixin.py:188} INFO - [2025-11-24T10:15:14.904+0000] {dagbag.py:545} INFO - Filling up the DagBag from /opt/airflow/dags/pipeline.py
[2025-11-24T10:15:14.922+0000] {processor.py:840} INFO - DAG(s) 'incremental_hoadon_chitiethanghoa_pipeline' retrieved from /opt/airflow/dags/pipeline.py
[2025-11-24T10:15:15.018+0000] {logging_mixin.py:188} INFO - [2025-11-24T10:15:15.018+0000] {dag.py:3096} INFO - Sync 1 DAGs
[2025-11-24T10:15:15.037+0000] {logging_mixin.py:188} INFO - [2025-11-24T10:15:15.037+0000] {dag.py:3954} INFO - Setting next_dagrun for incremental_hoadon_chitiethanghoa_pipeline to 2025-11-25 00:00:00+00:00, run_after=2025-11-26 00:00:00+00:00
[2025-11-24T10:15:15.058+0000] {processor.py:183} INFO - Processing /opt/airflow/dags/pipeline.py took 0.162 seconds
[2025-11-24T10:15:45.231+0000] {processor.py:161} INFO - Started process (PID=385) to work on /opt/airflow/dags/pipeline.py
[2025-11-24T10:15:45.232+0000] {processor.py:830} INFO - Processing file /opt/airflow/dags/pipeline.py for tasks to queue
[2025-11-24T10:15:45.238+0000] {logging_mixin.py:188} INFO - [2025-11-24T10:15:45.238+0000] {dagbag.py:545} INFO - Filling up the DagBag from /opt/airflow/dags/pipeline.py
[2025-11-24T10:15:45.258+0000] {processor.py:840} INFO - DAG(s) 'incremental_hoadon_chitiethanghoa_pipeline' retrieved from /opt/airflow/dags/pipeline.py
[2025-11-24T10:15:45.360+0000] {logging_mixin.py:188} INFO - [2025-11-24T10:15:45.360+0000] {dag.py:3096} INFO - Sync 1 DAGs
[2025-11-24T10:15:45.380+0000] {logging_mixin.py:188} INFO - [2025-11-24T10:15:45.379+0000] {dag.py:3954} INFO - Setting next_dagrun for incremental_hoadon_chitiethanghoa_pipeline to 2025-11-25 00:00:00+00:00, run_after=2025-11-26 00:00:00+00:00
[2025-11-24T10:15:45.409+0000] {processor.py:183} INFO - Processing /opt/airflow/dags/pipeline.py took 0.183 seconds
[2025-11-24T10:16:15.583+0000] {processor.py:161} INFO - Started process (PID=390) to work on /opt/airflow/dags/pipeline.py
[2025-11-24T10:16:15.584+0000] {processor.py:830} INFO - Processing file /opt/airflow/dags/pipeline.py for tasks to queue
[2025-11-24T10:16:15.586+0000] {logging_mixin.py:188} INFO - [2025-11-24T10:16:15.585+0000] {dagbag.py:545} INFO - Filling up the DagBag from /opt/airflow/dags/pipeline.py
[2025-11-24T10:16:15.603+0000] {processor.py:840} INFO - DAG(s) 'incremental_hoadon_chitiethanghoa_pipeline' retrieved from /opt/airflow/dags/pipeline.py
[2025-11-24T10:16:15.701+0000] {logging_mixin.py:188} INFO - [2025-11-24T10:16:15.701+0000] {dag.py:3096} INFO - Sync 1 DAGs
[2025-11-24T10:16:15.721+0000] {logging_mixin.py:188} INFO - [2025-11-24T10:16:15.721+0000] {dag.py:3954} INFO - Setting next_dagrun for incremental_hoadon_chitiethanghoa_pipeline to 2025-11-25 00:00:00+00:00, run_after=2025-11-26 00:00:00+00:00
[2025-11-24T10:16:15.745+0000] {processor.py:183} INFO - Processing /opt/airflow/dags/pipeline.py took 0.170 seconds
[2025-11-24T10:16:45.921+0000] {processor.py:161} INFO - Started process (PID=395) to work on /opt/airflow/dags/pipeline.py
[2025-11-24T10:16:45.922+0000] {processor.py:830} INFO - Processing file /opt/airflow/dags/pipeline.py for tasks to queue
[2025-11-24T10:16:45.923+0000] {logging_mixin.py:188} INFO - [2025-11-24T10:16:45.923+0000] {dagbag.py:545} INFO - Filling up the DagBag from /opt/airflow/dags/pipeline.py
[2025-11-24T10:16:45.940+0000] {processor.py:840} INFO - DAG(s) 'incremental_hoadon_chitiethanghoa_pipeline' retrieved from /opt/airflow/dags/pipeline.py
[2025-11-24T10:16:46.041+0000] {logging_mixin.py:188} INFO - [2025-11-24T10:16:46.041+0000] {dag.py:3096} INFO - Sync 1 DAGs
[2025-11-24T10:16:46.063+0000] {logging_mixin.py:188} INFO - [2025-11-24T10:16:46.062+0000] {dag.py:3954} INFO - Setting next_dagrun for incremental_hoadon_chitiethanghoa_pipeline to 2025-11-25 00:00:00+00:00, run_after=2025-11-26 00:00:00+00:00
[2025-11-24T10:16:46.082+0000] {processor.py:183} INFO - Processing /opt/airflow/dags/pipeline.py took 0.167 seconds
[2025-11-24T10:17:16.255+0000] {processor.py:161} INFO - Started process (PID=400) to work on /opt/airflow/dags/pipeline.py
[2025-11-24T10:17:16.256+0000] {processor.py:830} INFO - Processing file /opt/airflow/dags/pipeline.py for tasks to queue
[2025-11-24T10:17:16.258+0000] {logging_mixin.py:188} INFO - [2025-11-24T10:17:16.257+0000] {dagbag.py:545} INFO - Filling up the DagBag from /opt/airflow/dags/pipeline.py
[2025-11-24T10:17:16.279+0000] {processor.py:840} INFO - DAG(s) 'incremental_hoadon_chitiethanghoa_pipeline' retrieved from /opt/airflow/dags/pipeline.py
[2025-11-24T10:17:16.375+0000] {logging_mixin.py:188} INFO - [2025-11-24T10:17:16.374+0000] {dag.py:3096} INFO - Sync 1 DAGs
[2025-11-24T10:17:16.395+0000] {logging_mixin.py:188} INFO - [2025-11-24T10:17:16.395+0000] {dag.py:3954} INFO - Setting next_dagrun for incremental_hoadon_chitiethanghoa_pipeline to 2025-11-25 00:00:00+00:00, run_after=2025-11-26 00:00:00+00:00
[2025-11-24T10:17:16.415+0000] {processor.py:183} INFO - Processing /opt/airflow/dags/pipeline.py took 0.166 seconds
[2025-11-24T10:17:46.584+0000] {processor.py:161} INFO - Started process (PID=405) to work on /opt/airflow/dags/pipeline.py
[2025-11-24T10:17:46.585+0000] {processor.py:830} INFO - Processing file /opt/airflow/dags/pipeline.py for tasks to queue
[2025-11-24T10:17:46.586+0000] {logging_mixin.py:188} INFO - [2025-11-24T10:17:46.586+0000] {dagbag.py:545} INFO - Filling up the DagBag from /opt/airflow/dags/pipeline.py
[2025-11-24T10:17:46.605+0000] {processor.py:840} INFO - DAG(s) 'incremental_hoadon_chitiethanghoa_pipeline' retrieved from /opt/airflow/dags/pipeline.py
[2025-11-24T10:17:46.702+0000] {logging_mixin.py:188} INFO - [2025-11-24T10:17:46.702+0000] {dag.py:3096} INFO - Sync 1 DAGs
[2025-11-24T10:17:46.724+0000] {logging_mixin.py:188} INFO - [2025-11-24T10:17:46.724+0000] {dag.py:3954} INFO - Setting next_dagrun for incremental_hoadon_chitiethanghoa_pipeline to 2025-11-25 00:00:00+00:00, run_after=2025-11-26 00:00:00+00:00
[2025-11-24T10:17:46.744+0000] {processor.py:183} INFO - Processing /opt/airflow/dags/pipeline.py took 0.166 seconds
[2025-11-24T10:18:16.915+0000] {processor.py:161} INFO - Started process (PID=410) to work on /opt/airflow/dags/pipeline.py
[2025-11-24T10:18:16.915+0000] {processor.py:830} INFO - Processing file /opt/airflow/dags/pipeline.py for tasks to queue
[2025-11-24T10:18:16.917+0000] {logging_mixin.py:188} INFO - [2025-11-24T10:18:16.917+0000] {dagbag.py:545} INFO - Filling up the DagBag from /opt/airflow/dags/pipeline.py
[2025-11-24T10:18:16.936+0000] {processor.py:840} INFO - DAG(s) 'incremental_hoadon_chitiethanghoa_pipeline' retrieved from /opt/airflow/dags/pipeline.py
[2025-11-24T10:18:17.034+0000] {logging_mixin.py:188} INFO - [2025-11-24T10:18:17.034+0000] {dag.py:3096} INFO - Sync 1 DAGs
[2025-11-24T10:18:17.053+0000] {logging_mixin.py:188} INFO - [2025-11-24T10:18:17.053+0000] {dag.py:3954} INFO - Setting next_dagrun for incremental_hoadon_chitiethanghoa_pipeline to 2025-11-25 00:00:00+00:00, run_after=2025-11-26 00:00:00+00:00
[2025-11-24T10:18:17.083+0000] {processor.py:183} INFO - Processing /opt/airflow/dags/pipeline.py took 0.173 seconds
[2025-11-24T10:18:47.265+0000] {processor.py:161} INFO - Started process (PID=415) to work on /opt/airflow/dags/pipeline.py
[2025-11-24T10:18:47.266+0000] {processor.py:830} INFO - Processing file /opt/airflow/dags/pipeline.py for tasks to queue
[2025-11-24T10:18:47.268+0000] {logging_mixin.py:188} INFO - [2025-11-24T10:18:47.268+0000] {dagbag.py:545} INFO - Filling up the DagBag from /opt/airflow/dags/pipeline.py
[2025-11-24T10:18:47.286+0000] {processor.py:840} INFO - DAG(s) 'incremental_hoadon_chitiethanghoa_pipeline' retrieved from /opt/airflow/dags/pipeline.py
[2025-11-24T10:18:47.382+0000] {logging_mixin.py:188} INFO - [2025-11-24T10:18:47.382+0000] {dag.py:3096} INFO - Sync 1 DAGs
[2025-11-24T10:18:47.401+0000] {logging_mixin.py:188} INFO - [2025-11-24T10:18:47.401+0000] {dag.py:3954} INFO - Setting next_dagrun for incremental_hoadon_chitiethanghoa_pipeline to 2025-11-25 00:00:00+00:00, run_after=2025-11-26 00:00:00+00:00
[2025-11-24T10:18:47.430+0000] {processor.py:183} INFO - Processing /opt/airflow/dags/pipeline.py took 0.170 seconds
[2025-11-24T10:19:17.603+0000] {processor.py:161} INFO - Started process (PID=420) to work on /opt/airflow/dags/pipeline.py
[2025-11-24T10:19:17.604+0000] {processor.py:830} INFO - Processing file /opt/airflow/dags/pipeline.py for tasks to queue
[2025-11-24T10:19:17.605+0000] {logging_mixin.py:188} INFO - [2025-11-24T10:19:17.605+0000] {dagbag.py:545} INFO - Filling up the DagBag from /opt/airflow/dags/pipeline.py
[2025-11-24T10:19:17.624+0000] {processor.py:840} INFO - DAG(s) 'incremental_hoadon_chitiethanghoa_pipeline' retrieved from /opt/airflow/dags/pipeline.py
[2025-11-24T10:19:17.724+0000] {logging_mixin.py:188} INFO - [2025-11-24T10:19:17.723+0000] {dag.py:3096} INFO - Sync 1 DAGs
[2025-11-24T10:19:17.744+0000] {logging_mixin.py:188} INFO - [2025-11-24T10:19:17.744+0000] {dag.py:3954} INFO - Setting next_dagrun for incremental_hoadon_chitiethanghoa_pipeline to 2025-11-25 00:00:00+00:00, run_after=2025-11-26 00:00:00+00:00
[2025-11-24T10:19:17.764+0000] {processor.py:183} INFO - Processing /opt/airflow/dags/pipeline.py took 0.167 seconds
[2025-11-24T10:19:47.939+0000] {processor.py:161} INFO - Started process (PID=425) to work on /opt/airflow/dags/pipeline.py
[2025-11-24T10:19:47.940+0000] {processor.py:830} INFO - Processing file /opt/airflow/dags/pipeline.py for tasks to queue
[2025-11-24T10:19:47.941+0000] {logging_mixin.py:188} INFO - [2025-11-24T10:19:47.941+0000] {dagbag.py:545} INFO - Filling up the DagBag from /opt/airflow/dags/pipeline.py
[2025-11-24T10:19:47.960+0000] {processor.py:840} INFO - DAG(s) 'incremental_hoadon_chitiethanghoa_pipeline' retrieved from /opt/airflow/dags/pipeline.py
[2025-11-24T10:19:48.060+0000] {logging_mixin.py:188} INFO - [2025-11-24T10:19:48.060+0000] {dag.py:3096} INFO - Sync 1 DAGs
[2025-11-24T10:19:48.081+0000] {logging_mixin.py:188} INFO - [2025-11-24T10:19:48.081+0000] {dag.py:3954} INFO - Setting next_dagrun for incremental_hoadon_chitiethanghoa_pipeline to 2025-11-25 00:00:00+00:00, run_after=2025-11-26 00:00:00+00:00
[2025-11-24T10:19:48.103+0000] {processor.py:183} INFO - Processing /opt/airflow/dags/pipeline.py took 0.169 seconds
[2025-11-24T10:20:18.287+0000] {processor.py:161} INFO - Started process (PID=430) to work on /opt/airflow/dags/pipeline.py
[2025-11-24T10:20:18.288+0000] {processor.py:830} INFO - Processing file /opt/airflow/dags/pipeline.py for tasks to queue
[2025-11-24T10:20:18.290+0000] {logging_mixin.py:188} INFO - [2025-11-24T10:20:18.290+0000] {dagbag.py:545} INFO - Filling up the DagBag from /opt/airflow/dags/pipeline.py
[2025-11-24T10:20:18.311+0000] {processor.py:840} INFO - DAG(s) 'incremental_hoadon_chitiethanghoa_pipeline' retrieved from /opt/airflow/dags/pipeline.py
[2025-11-24T10:20:18.436+0000] {logging_mixin.py:188} INFO - [2025-11-24T10:20:18.436+0000] {dag.py:3096} INFO - Sync 1 DAGs
[2025-11-24T10:20:18.464+0000] {logging_mixin.py:188} INFO - [2025-11-24T10:20:18.463+0000] {dag.py:3954} INFO - Setting next_dagrun for incremental_hoadon_chitiethanghoa_pipeline to 2025-11-25 00:00:00+00:00, run_after=2025-11-26 00:00:00+00:00
[2025-11-24T10:20:18.486+0000] {processor.py:183} INFO - Processing /opt/airflow/dags/pipeline.py took 0.207 seconds
[2025-11-24T10:20:48.658+0000] {processor.py:161} INFO - Started process (PID=435) to work on /opt/airflow/dags/pipeline.py
[2025-11-24T10:20:48.659+0000] {processor.py:830} INFO - Processing file /opt/airflow/dags/pipeline.py for tasks to queue
[2025-11-24T10:20:48.661+0000] {logging_mixin.py:188} INFO - [2025-11-24T10:20:48.661+0000] {dagbag.py:545} INFO - Filling up the DagBag from /opt/airflow/dags/pipeline.py
[2025-11-24T10:20:48.683+0000] {processor.py:840} INFO - DAG(s) 'incremental_hoadon_chitiethanghoa_pipeline' retrieved from /opt/airflow/dags/pipeline.py
[2025-11-24T10:20:48.806+0000] {logging_mixin.py:188} INFO - [2025-11-24T10:20:48.806+0000] {dag.py:3096} INFO - Sync 1 DAGs
[2025-11-24T10:20:48.831+0000] {logging_mixin.py:188} INFO - [2025-11-24T10:20:48.831+0000] {dag.py:3954} INFO - Setting next_dagrun for incremental_hoadon_chitiethanghoa_pipeline to 2025-11-25 00:00:00+00:00, run_after=2025-11-26 00:00:00+00:00
[2025-11-24T10:20:48.854+0000] {processor.py:183} INFO - Processing /opt/airflow/dags/pipeline.py took 0.203 seconds
[2025-11-24T10:21:19.028+0000] {processor.py:161} INFO - Started process (PID=440) to work on /opt/airflow/dags/pipeline.py
[2025-11-24T10:21:19.041+0000] {processor.py:830} INFO - Processing file /opt/airflow/dags/pipeline.py for tasks to queue
[2025-11-24T10:21:19.043+0000] {logging_mixin.py:188} INFO - [2025-11-24T10:21:19.043+0000] {dagbag.py:545} INFO - Filling up the DagBag from /opt/airflow/dags/pipeline.py
[2025-11-24T10:21:19.062+0000] {processor.py:840} INFO - DAG(s) 'incremental_hoadon_chitiethanghoa_pipeline' retrieved from /opt/airflow/dags/pipeline.py
[2025-11-24T10:21:19.161+0000] {logging_mixin.py:188} INFO - [2025-11-24T10:21:19.161+0000] {dag.py:3096} INFO - Sync 1 DAGs
[2025-11-24T10:21:19.182+0000] {logging_mixin.py:188} INFO - [2025-11-24T10:21:19.182+0000] {dag.py:3954} INFO - Setting next_dagrun for incremental_hoadon_chitiethanghoa_pipeline to 2025-11-25 00:00:00+00:00, run_after=2025-11-26 00:00:00+00:00
[2025-11-24T10:21:19.203+0000] {processor.py:183} INFO - Processing /opt/airflow/dags/pipeline.py took 0.182 seconds
[2025-11-24T10:21:49.373+0000] {processor.py:161} INFO - Started process (PID=445) to work on /opt/airflow/dags/pipeline.py
[2025-11-24T10:21:49.374+0000] {processor.py:830} INFO - Processing file /opt/airflow/dags/pipeline.py for tasks to queue
[2025-11-24T10:21:49.376+0000] {logging_mixin.py:188} INFO - [2025-11-24T10:21:49.376+0000] {dagbag.py:545} INFO - Filling up the DagBag from /opt/airflow/dags/pipeline.py
[2025-11-24T10:21:49.394+0000] {processor.py:840} INFO - DAG(s) 'incremental_hoadon_chitiethanghoa_pipeline' retrieved from /opt/airflow/dags/pipeline.py
[2025-11-24T10:21:49.490+0000] {logging_mixin.py:188} INFO - [2025-11-24T10:21:49.490+0000] {dag.py:3096} INFO - Sync 1 DAGs
[2025-11-24T10:21:49.510+0000] {logging_mixin.py:188} INFO - [2025-11-24T10:21:49.510+0000] {dag.py:3954} INFO - Setting next_dagrun for incremental_hoadon_chitiethanghoa_pipeline to 2025-11-25 00:00:00+00:00, run_after=2025-11-26 00:00:00+00:00
[2025-11-24T10:21:49.530+0000] {processor.py:183} INFO - Processing /opt/airflow/dags/pipeline.py took 0.163 seconds
[2025-11-24T10:22:19.702+0000] {processor.py:161} INFO - Started process (PID=450) to work on /opt/airflow/dags/pipeline.py
[2025-11-24T10:22:19.703+0000] {processor.py:830} INFO - Processing file /opt/airflow/dags/pipeline.py for tasks to queue
[2025-11-24T10:22:19.705+0000] {logging_mixin.py:188} INFO - [2025-11-24T10:22:19.704+0000] {dagbag.py:545} INFO - Filling up the DagBag from /opt/airflow/dags/pipeline.py
[2025-11-24T10:22:19.722+0000] {processor.py:840} INFO - DAG(s) 'incremental_hoadon_chitiethanghoa_pipeline' retrieved from /opt/airflow/dags/pipeline.py
[2025-11-24T10:22:19.823+0000] {logging_mixin.py:188} INFO - [2025-11-24T10:22:19.823+0000] {dag.py:3096} INFO - Sync 1 DAGs
[2025-11-24T10:22:19.843+0000] {logging_mixin.py:188} INFO - [2025-11-24T10:22:19.842+0000] {dag.py:3954} INFO - Setting next_dagrun for incremental_hoadon_chitiethanghoa_pipeline to 2025-11-25 00:00:00+00:00, run_after=2025-11-26 00:00:00+00:00
[2025-11-24T10:22:19.862+0000] {processor.py:183} INFO - Processing /opt/airflow/dags/pipeline.py took 0.166 seconds
[2025-11-24T10:22:50.041+0000] {processor.py:161} INFO - Started process (PID=455) to work on /opt/airflow/dags/pipeline.py
[2025-11-24T10:22:50.042+0000] {processor.py:830} INFO - Processing file /opt/airflow/dags/pipeline.py for tasks to queue
[2025-11-24T10:22:50.044+0000] {logging_mixin.py:188} INFO - [2025-11-24T10:22:50.043+0000] {dagbag.py:545} INFO - Filling up the DagBag from /opt/airflow/dags/pipeline.py
[2025-11-24T10:22:50.066+0000] {processor.py:840} INFO - DAG(s) 'incremental_hoadon_chitiethanghoa_pipeline' retrieved from /opt/airflow/dags/pipeline.py
[2025-11-24T10:22:50.176+0000] {logging_mixin.py:188} INFO - [2025-11-24T10:22:50.176+0000] {dag.py:3096} INFO - Sync 1 DAGs
[2025-11-24T10:22:50.199+0000] {logging_mixin.py:188} INFO - [2025-11-24T10:22:50.198+0000] {dag.py:3954} INFO - Setting next_dagrun for incremental_hoadon_chitiethanghoa_pipeline to 2025-11-25 00:00:00+00:00, run_after=2025-11-26 00:00:00+00:00
[2025-11-24T10:22:50.221+0000] {processor.py:183} INFO - Processing /opt/airflow/dags/pipeline.py took 0.187 seconds
[2025-11-24T10:23:20.400+0000] {processor.py:161} INFO - Started process (PID=460) to work on /opt/airflow/dags/pipeline.py
[2025-11-24T10:23:20.401+0000] {processor.py:830} INFO - Processing file /opt/airflow/dags/pipeline.py for tasks to queue
[2025-11-24T10:23:20.402+0000] {logging_mixin.py:188} INFO - [2025-11-24T10:23:20.402+0000] {dagbag.py:545} INFO - Filling up the DagBag from /opt/airflow/dags/pipeline.py
[2025-11-24T10:23:20.421+0000] {processor.py:840} INFO - DAG(s) 'incremental_hoadon_chitiethanghoa_pipeline' retrieved from /opt/airflow/dags/pipeline.py
[2025-11-24T10:23:20.521+0000] {logging_mixin.py:188} INFO - [2025-11-24T10:23:20.520+0000] {dag.py:3096} INFO - Sync 1 DAGs
[2025-11-24T10:23:20.544+0000] {logging_mixin.py:188} INFO - [2025-11-24T10:23:20.543+0000] {dag.py:3954} INFO - Setting next_dagrun for incremental_hoadon_chitiethanghoa_pipeline to 2025-11-25 00:00:00+00:00, run_after=2025-11-26 00:00:00+00:00
[2025-11-24T10:23:20.565+0000] {processor.py:183} INFO - Processing /opt/airflow/dags/pipeline.py took 0.171 seconds
[2025-11-24T10:23:50.734+0000] {processor.py:161} INFO - Started process (PID=465) to work on /opt/airflow/dags/pipeline.py
[2025-11-24T10:23:50.735+0000] {processor.py:830} INFO - Processing file /opt/airflow/dags/pipeline.py for tasks to queue
[2025-11-24T10:23:50.736+0000] {logging_mixin.py:188} INFO - [2025-11-24T10:23:50.736+0000] {dagbag.py:545} INFO - Filling up the DagBag from /opt/airflow/dags/pipeline.py
[2025-11-24T10:23:50.756+0000] {processor.py:840} INFO - DAG(s) 'incremental_hoadon_chitiethanghoa_pipeline' retrieved from /opt/airflow/dags/pipeline.py
[2025-11-24T10:23:50.852+0000] {logging_mixin.py:188} INFO - [2025-11-24T10:23:50.852+0000] {dag.py:3096} INFO - Sync 1 DAGs
[2025-11-24T10:23:50.875+0000] {logging_mixin.py:188} INFO - [2025-11-24T10:23:50.875+0000] {dag.py:3954} INFO - Setting next_dagrun for incremental_hoadon_chitiethanghoa_pipeline to 2025-11-25 00:00:00+00:00, run_after=2025-11-26 00:00:00+00:00
[2025-11-24T10:23:50.898+0000] {processor.py:183} INFO - Processing /opt/airflow/dags/pipeline.py took 0.171 seconds
[2025-11-24T10:24:21.070+0000] {processor.py:161} INFO - Started process (PID=470) to work on /opt/airflow/dags/pipeline.py
[2025-11-24T10:24:21.071+0000] {processor.py:830} INFO - Processing file /opt/airflow/dags/pipeline.py for tasks to queue
[2025-11-24T10:24:21.073+0000] {logging_mixin.py:188} INFO - [2025-11-24T10:24:21.073+0000] {dagbag.py:545} INFO - Filling up the DagBag from /opt/airflow/dags/pipeline.py
[2025-11-24T10:24:21.093+0000] {processor.py:840} INFO - DAG(s) 'incremental_hoadon_chitiethanghoa_pipeline' retrieved from /opt/airflow/dags/pipeline.py
[2025-11-24T10:24:21.190+0000] {logging_mixin.py:188} INFO - [2025-11-24T10:24:21.189+0000] {dag.py:3096} INFO - Sync 1 DAGs
[2025-11-24T10:24:21.209+0000] {logging_mixin.py:188} INFO - [2025-11-24T10:24:21.208+0000] {dag.py:3954} INFO - Setting next_dagrun for incremental_hoadon_chitiethanghoa_pipeline to 2025-11-25 00:00:00+00:00, run_after=2025-11-26 00:00:00+00:00
[2025-11-24T10:24:21.229+0000] {processor.py:183} INFO - Processing /opt/airflow/dags/pipeline.py took 0.164 seconds
[2025-11-24T10:24:51.401+0000] {processor.py:161} INFO - Started process (PID=475) to work on /opt/airflow/dags/pipeline.py
[2025-11-24T10:24:51.402+0000] {processor.py:830} INFO - Processing file /opt/airflow/dags/pipeline.py for tasks to queue
[2025-11-24T10:24:51.404+0000] {logging_mixin.py:188} INFO - [2025-11-24T10:24:51.404+0000] {dagbag.py:545} INFO - Filling up the DagBag from /opt/airflow/dags/pipeline.py
[2025-11-24T10:24:51.425+0000] {processor.py:840} INFO - DAG(s) 'incremental_hoadon_chitiethanghoa_pipeline' retrieved from /opt/airflow/dags/pipeline.py
[2025-11-24T10:24:51.531+0000] {logging_mixin.py:188} INFO - [2025-11-24T10:24:51.530+0000] {dag.py:3096} INFO - Sync 1 DAGs
[2025-11-24T10:24:51.552+0000] {logging_mixin.py:188} INFO - [2025-11-24T10:24:51.551+0000] {dag.py:3954} INFO - Setting next_dagrun for incremental_hoadon_chitiethanghoa_pipeline to 2025-11-25 00:00:00+00:00, run_after=2025-11-26 00:00:00+00:00
[2025-11-24T10:24:51.577+0000] {processor.py:183} INFO - Processing /opt/airflow/dags/pipeline.py took 0.184 seconds
[2025-11-24T10:25:21.752+0000] {processor.py:161} INFO - Started process (PID=480) to work on /opt/airflow/dags/pipeline.py
[2025-11-24T10:25:21.753+0000] {processor.py:830} INFO - Processing file /opt/airflow/dags/pipeline.py for tasks to queue
[2025-11-24T10:25:21.755+0000] {logging_mixin.py:188} INFO - [2025-11-24T10:25:21.755+0000] {dagbag.py:545} INFO - Filling up the DagBag from /opt/airflow/dags/pipeline.py
[2025-11-24T10:25:21.776+0000] {processor.py:840} INFO - DAG(s) 'incremental_hoadon_chitiethanghoa_pipeline' retrieved from /opt/airflow/dags/pipeline.py
[2025-11-24T10:25:21.891+0000] {logging_mixin.py:188} INFO - [2025-11-24T10:25:21.891+0000] {dag.py:3096} INFO - Sync 1 DAGs
[2025-11-24T10:25:21.913+0000] {logging_mixin.py:188} INFO - [2025-11-24T10:25:21.913+0000] {dag.py:3954} INFO - Setting next_dagrun for incremental_hoadon_chitiethanghoa_pipeline to 2025-11-25 00:00:00+00:00, run_after=2025-11-26 00:00:00+00:00
[2025-11-24T10:25:21.933+0000] {processor.py:183} INFO - Processing /opt/airflow/dags/pipeline.py took 0.187 seconds
[2025-11-24T10:25:52.106+0000] {processor.py:161} INFO - Started process (PID=485) to work on /opt/airflow/dags/pipeline.py
[2025-11-24T10:25:52.107+0000] {processor.py:830} INFO - Processing file /opt/airflow/dags/pipeline.py for tasks to queue
[2025-11-24T10:25:52.109+0000] {logging_mixin.py:188} INFO - [2025-11-24T10:25:52.108+0000] {dagbag.py:545} INFO - Filling up the DagBag from /opt/airflow/dags/pipeline.py
[2025-11-24T10:25:52.131+0000] {processor.py:840} INFO - DAG(s) 'incremental_hoadon_chitiethanghoa_pipeline' retrieved from /opt/airflow/dags/pipeline.py
[2025-11-24T10:25:52.230+0000] {logging_mixin.py:188} INFO - [2025-11-24T10:25:52.229+0000] {dag.py:3096} INFO - Sync 1 DAGs
[2025-11-24T10:25:52.250+0000] {logging_mixin.py:188} INFO - [2025-11-24T10:25:52.249+0000] {dag.py:3954} INFO - Setting next_dagrun for incremental_hoadon_chitiethanghoa_pipeline to 2025-11-25 00:00:00+00:00, run_after=2025-11-26 00:00:00+00:00
[2025-11-24T10:25:52.284+0000] {processor.py:183} INFO - Processing /opt/airflow/dags/pipeline.py took 0.183 seconds
[2025-11-24T10:26:22.468+0000] {processor.py:161} INFO - Started process (PID=490) to work on /opt/airflow/dags/pipeline.py
[2025-11-24T10:26:22.469+0000] {processor.py:830} INFO - Processing file /opt/airflow/dags/pipeline.py for tasks to queue
[2025-11-24T10:26:22.471+0000] {logging_mixin.py:188} INFO - [2025-11-24T10:26:22.471+0000] {dagbag.py:545} INFO - Filling up the DagBag from /opt/airflow/dags/pipeline.py
[2025-11-24T10:26:22.490+0000] {processor.py:840} INFO - DAG(s) 'incremental_hoadon_chitiethanghoa_pipeline' retrieved from /opt/airflow/dags/pipeline.py
[2025-11-24T10:26:22.590+0000] {logging_mixin.py:188} INFO - [2025-11-24T10:26:22.590+0000] {dag.py:3096} INFO - Sync 1 DAGs
[2025-11-24T10:26:22.611+0000] {logging_mixin.py:188} INFO - [2025-11-24T10:26:22.611+0000] {dag.py:3954} INFO - Setting next_dagrun for incremental_hoadon_chitiethanghoa_pipeline to 2025-11-25 00:00:00+00:00, run_after=2025-11-26 00:00:00+00:00
[2025-11-24T10:26:22.632+0000] {processor.py:183} INFO - Processing /opt/airflow/dags/pipeline.py took 0.170 seconds
[2025-11-24T10:26:52.799+0000] {processor.py:161} INFO - Started process (PID=495) to work on /opt/airflow/dags/pipeline.py
[2025-11-24T10:26:52.800+0000] {processor.py:830} INFO - Processing file /opt/airflow/dags/pipeline.py for tasks to queue
[2025-11-24T10:26:52.802+0000] {logging_mixin.py:188} INFO - [2025-11-24T10:26:52.801+0000] {dagbag.py:545} INFO - Filling up the DagBag from /opt/airflow/dags/pipeline.py
[2025-11-24T10:26:52.821+0000] {processor.py:840} INFO - DAG(s) 'incremental_hoadon_chitiethanghoa_pipeline' retrieved from /opt/airflow/dags/pipeline.py
[2025-11-24T10:26:52.929+0000] {logging_mixin.py:188} INFO - [2025-11-24T10:26:52.929+0000] {dag.py:3096} INFO - Sync 1 DAGs
[2025-11-24T10:26:52.951+0000] {logging_mixin.py:188} INFO - [2025-11-24T10:26:52.950+0000] {dag.py:3954} INFO - Setting next_dagrun for incremental_hoadon_chitiethanghoa_pipeline to 2025-11-25 00:00:00+00:00, run_after=2025-11-26 00:00:00+00:00
[2025-11-24T10:26:52.981+0000] {processor.py:183} INFO - Processing /opt/airflow/dags/pipeline.py took 0.187 seconds
[2025-11-24T10:27:23.149+0000] {processor.py:161} INFO - Started process (PID=500) to work on /opt/airflow/dags/pipeline.py
[2025-11-24T10:27:23.150+0000] {processor.py:830} INFO - Processing file /opt/airflow/dags/pipeline.py for tasks to queue
[2025-11-24T10:27:23.151+0000] {logging_mixin.py:188} INFO - [2025-11-24T10:27:23.151+0000] {dagbag.py:545} INFO - Filling up the DagBag from /opt/airflow/dags/pipeline.py
[2025-11-24T10:27:23.169+0000] {processor.py:840} INFO - DAG(s) 'incremental_hoadon_chitiethanghoa_pipeline' retrieved from /opt/airflow/dags/pipeline.py
[2025-11-24T10:27:23.268+0000] {logging_mixin.py:188} INFO - [2025-11-24T10:27:23.268+0000] {dag.py:3096} INFO - Sync 1 DAGs
[2025-11-24T10:27:23.287+0000] {logging_mixin.py:188} INFO - [2025-11-24T10:27:23.287+0000] {dag.py:3954} INFO - Setting next_dagrun for incremental_hoadon_chitiethanghoa_pipeline to 2025-11-25 00:00:00+00:00, run_after=2025-11-26 00:00:00+00:00
[2025-11-24T10:27:23.311+0000] {processor.py:183} INFO - Processing /opt/airflow/dags/pipeline.py took 0.168 seconds
[2025-11-24T10:27:53.489+0000] {processor.py:161} INFO - Started process (PID=505) to work on /opt/airflow/dags/pipeline.py
[2025-11-24T10:27:53.490+0000] {processor.py:830} INFO - Processing file /opt/airflow/dags/pipeline.py for tasks to queue
[2025-11-24T10:27:53.492+0000] {logging_mixin.py:188} INFO - [2025-11-24T10:27:53.492+0000] {dagbag.py:545} INFO - Filling up the DagBag from /opt/airflow/dags/pipeline.py
[2025-11-24T10:27:53.510+0000] {processor.py:840} INFO - DAG(s) 'incremental_hoadon_chitiethanghoa_pipeline' retrieved from /opt/airflow/dags/pipeline.py
[2025-11-24T10:27:53.606+0000] {logging_mixin.py:188} INFO - [2025-11-24T10:27:53.606+0000] {dag.py:3096} INFO - Sync 1 DAGs
[2025-11-24T10:27:53.625+0000] {logging_mixin.py:188} INFO - [2025-11-24T10:27:53.625+0000] {dag.py:3954} INFO - Setting next_dagrun for incremental_hoadon_chitiethanghoa_pipeline to 2025-11-25 00:00:00+00:00, run_after=2025-11-26 00:00:00+00:00
[2025-11-24T10:27:53.656+0000] {processor.py:183} INFO - Processing /opt/airflow/dags/pipeline.py took 0.172 seconds
[2025-11-24T10:28:23.832+0000] {processor.py:161} INFO - Started process (PID=510) to work on /opt/airflow/dags/pipeline.py
[2025-11-24T10:28:23.833+0000] {processor.py:830} INFO - Processing file /opt/airflow/dags/pipeline.py for tasks to queue
[2025-11-24T10:28:23.834+0000] {logging_mixin.py:188} INFO - [2025-11-24T10:28:23.834+0000] {dagbag.py:545} INFO - Filling up the DagBag from /opt/airflow/dags/pipeline.py
[2025-11-24T10:28:23.852+0000] {processor.py:840} INFO - DAG(s) 'incremental_hoadon_chitiethanghoa_pipeline' retrieved from /opt/airflow/dags/pipeline.py
[2025-11-24T10:28:23.948+0000] {logging_mixin.py:188} INFO - [2025-11-24T10:28:23.947+0000] {dag.py:3096} INFO - Sync 1 DAGs
[2025-11-24T10:28:23.968+0000] {logging_mixin.py:188} INFO - [2025-11-24T10:28:23.968+0000] {dag.py:3954} INFO - Setting next_dagrun for incremental_hoadon_chitiethanghoa_pipeline to 2025-11-25 00:00:00+00:00, run_after=2025-11-26 00:00:00+00:00
[2025-11-24T10:28:23.990+0000] {processor.py:183} INFO - Processing /opt/airflow/dags/pipeline.py took 0.165 seconds
[2025-11-24T10:28:54.178+0000] {processor.py:161} INFO - Started process (PID=515) to work on /opt/airflow/dags/pipeline.py
[2025-11-24T10:28:54.180+0000] {processor.py:830} INFO - Processing file /opt/airflow/dags/pipeline.py for tasks to queue
[2025-11-24T10:28:54.182+0000] {logging_mixin.py:188} INFO - [2025-11-24T10:28:54.182+0000] {dagbag.py:545} INFO - Filling up the DagBag from /opt/airflow/dags/pipeline.py
[2025-11-24T10:28:54.206+0000] {processor.py:840} INFO - DAG(s) 'incremental_hoadon_chitiethanghoa_pipeline' retrieved from /opt/airflow/dags/pipeline.py
[2025-11-24T10:28:54.335+0000] {logging_mixin.py:188} INFO - [2025-11-24T10:28:54.334+0000] {dag.py:3096} INFO - Sync 1 DAGs
[2025-11-24T10:28:54.365+0000] {logging_mixin.py:188} INFO - [2025-11-24T10:28:54.364+0000] {dag.py:3954} INFO - Setting next_dagrun for incremental_hoadon_chitiethanghoa_pipeline to 2025-11-25 00:00:00+00:00, run_after=2025-11-26 00:00:00+00:00
[2025-11-24T10:28:54.391+0000] {processor.py:183} INFO - Processing /opt/airflow/dags/pipeline.py took 0.222 seconds
